This is pdfTeX, Version 3.14159265-2.6-1.40.20 (TeX Live 2019/Debian) (preloaded format=pdflatex 2020.10.29)  11 FEB 2021 17:17
entering extended mode
 restricted \write18 enabled.
 %&-line parsing enabled.
**Rapport_PHIMECA_Simady.tex
(./Rapport_PHIMECA_Simady.tex
LaTeX2e <2020-02-02> patch level 2
L3 programming layer <2020-02-14>
(/usr/share/texlive/texmf-dist/tex/latex/base/article.cls
Document Class: article 2019/12/20 v1.4l Standard LaTeX document class
(/usr/share/texlive/texmf-dist/tex/latex/base/size10.clo
File: size10.clo 2019/12/20 v1.4l Standard LaTeX file (size option)
)
\c@part=\count167
\c@section=\count168
\c@subsection=\count169
\c@subsubsection=\count170
\c@paragraph=\count171
\c@subparagraph=\count172
\c@figure=\count173
\c@table=\count174
\abovecaptionskip=\skip47
\belowcaptionskip=\skip48
\bibindent=\dimen134
)
(/usr/share/texlive/texmf-dist/tex/latex/graphics/graphicx.sty
Package: graphicx 2019/11/30 v1.2a Enhanced LaTeX Graphics (DPC,SPQR)

(/usr/share/texlive/texmf-dist/tex/latex/graphics/keyval.sty
Package: keyval 2014/10/28 v1.15 key=value parser (DPC)
\KV@toks@=\toks14
)
(/usr/share/texlive/texmf-dist/tex/latex/graphics/graphics.sty
Package: graphics 2019/11/30 v1.4a Standard LaTeX Graphics (DPC,SPQR)

(/usr/share/texlive/texmf-dist/tex/latex/graphics/trig.sty
Package: trig 2016/01/03 v1.10 sin cos tan (DPC)
)
(/usr/share/texlive/texmf-dist/tex/latex/graphics-cfg/graphics.cfg
File: graphics.cfg 2016/06/04 v1.11 sample graphics configuration
)
Package graphics Info: Driver file: pdftex.def on input line 105.

(/usr/share/texlive/texmf-dist/tex/latex/graphics-def/pdftex.def
File: pdftex.def 2018/01/08 v1.0l Graphics/color driver for pdftex
))
\Gin@req@height=\dimen135
\Gin@req@width=\dimen136
)
(/usr/share/texlive/texmf-dist/tex/generic/babel/babel.sty
Package: babel 2020/02/14 3.40 The Babel package

(/usr/share/texlive/texmf-dist/tex/generic/babel/switch.def
File: switch.def 2020/02/14 3.40 Babel switching mechanism
)
(/usr/share/texlive/texmf-dist/tex/generic/babel-english/english.ldf
Language: english 2017/06/06 v3.3r English support from the babel system

(/usr/share/texlive/texmf-dist/tex/generic/babel/babel.def
File: babel.def 2020/02/14 3.40 Babel common definitions
\babel@savecnt=\count175
\U@D=\dimen137

(/usr/share/texlive/texmf-dist/tex/generic/babel/txtbabel.def)
\bbl@readstream=\read2
\bbl@dirlevel=\count176
)
Package babel Info: \l@canadian = using hyphenrules for english
(babel)             (\language0) on input line 102.
Package babel Info: \l@australian = using hyphenrules for ukenglish
(babel)             (\language3) on input line 105.
Package babel Info: \l@newzealand = using hyphenrules for ukenglish
(babel)             (\language3) on input line 108.
))
(/usr/share/texlive/texmf-dist/tex/latex/base/inputenc.sty
Package: inputenc 2018/08/11 v1.3c Input encoding file
\inpenc@prehook=\toks15
\inpenc@posthook=\toks16
)
(/usr/share/texlive/texmf-dist/tex/latex/base/fontenc.sty
Package: fontenc 2020/02/11 v2.0o Standard LaTeX package
)
(/usr/share/texlive/texmf-dist/tex/latex/float/float.sty
Package: float 2001/11/08 v1.3d Float enhancements (AL)
\c@float@type=\count177
\float@exts=\toks17
\float@box=\box45
\@float@everytoks=\toks18
\@floatcapt=\box46
)
(/usr/share/texlive/texmf-dist/tex/latex/placeins/placeins.sty
Package: placeins 2005/04/18  v 2.2
)
(/usr/share/texlive/texmf-dist/tex/latex/mwe/mwe.sty
Package: mwe 2018/03/30 v0.5 Package to support minimal working examples (MWE)

(/usr/share/texlive/texmf-dist/tex/latex/lipsum/lipsum.sty
(/usr/share/texlive/texmf-dist/tex/latex/l3kernel/expl3.sty
Package: expl3 2020-02-14 L3 programming layer (loader) 

(/usr/share/texlive/texmf-dist/tex/latex/l3backend/l3backend-pdfmode.def
File: l3backend-pdfmode.def 2020-02-03 L3 backend support: PDF mode
\l__kernel_color_stack_int=\count178
\l__pdf_internal_box=\box47
))
(/usr/share/texlive/texmf-dist/tex/latex/l3packages/xparse/xparse.sty
Package: xparse 2020-02-14 L3 Experimental document command parser
\l__xparse_current_arg_int=\count179
\g__xparse_grabber_int=\count180
\l__xparse_m_args_int=\count181
\l__xparse_v_nesting_int=\count182
)
Package: lipsum 2019/01/02 v2.2 150 paragraphs of Lorem Ipsum dummy text

(/usr/share/texlive/texmf-dist/tex/latex/lipsum/lipsum.ltd.tex
File: lipsum.ltd.tex 2019/01/02 v2.2 The Lorem ipsum dummy text
))
(/usr/share/texlive/texmf-dist/tex/latex/blindtext/blindtext.sty
Package: blindtext 2012/01/06 V2.0 blindtext-Package

(/usr/share/texlive/texmf-dist/tex/latex/tools/xspace.sty
Package: xspace 2014/10/28 v1.13 Space after command names (DPC,MH)
)
\c@blindtext=\count183
\c@Blindtext=\count184
\c@blind@countparstart=\count185
\blind@countxx=\count186
\blindtext@numBlindtext=\count187
\blind@countyy=\count188
\c@blindlist=\count189
\c@blindlistlevel=\count190
\c@blindlist@level=\count191
\blind@listitem=\count192
\c@blind@listcount=\count193
\c@blind@levelcount=\count194
\blind@mathformula=\count195
\blind@Mathformula=\count196
\c@blind@randomcount=\count197
\c@blind@randommax=\count198
\c@blind@pangramcount=\count199
\c@blind@pangrammax=\count266
))
(/usr/share/texlive/texmf-dist/tex/latex/hyperref/hyperref.sty
Package: hyperref 2020/01/14 v7.00d Hypertext links for LaTeX

(/usr/share/texlive/texmf-dist/tex/generic/ltxcmds/ltxcmds.sty
Package: ltxcmds 2019/12/15 v1.24 LaTeX kernel commands for general use (HO)
)
(/usr/share/texlive/texmf-dist/tex/generic/iftex/iftex.sty
Package: iftex 2019/11/07 v1.0c TeX engine tests
)
(/usr/share/texlive/texmf-dist/tex/latex/pdftexcmds/pdftexcmds.sty
Package: pdftexcmds 2019/11/24 v0.31 Utility functions of pdfTeX for LuaTeX (HO
)

(/usr/share/texlive/texmf-dist/tex/generic/infwarerr/infwarerr.sty
Package: infwarerr 2019/12/03 v1.5 Providing info/warning/error messages (HO)
)
Package pdftexcmds Info: \pdf@primitive is available.
Package pdftexcmds Info: \pdf@ifprimitive is available.
Package pdftexcmds Info: \pdfdraftmode found.
)
(/usr/share/texlive/texmf-dist/tex/generic/kvsetkeys/kvsetkeys.sty
Package: kvsetkeys 2019/12/15 v1.18 Key value parser (HO)
)
(/usr/share/texlive/texmf-dist/tex/generic/kvdefinekeys/kvdefinekeys.sty
Package: kvdefinekeys 2019-12-19 v1.6 Define keys (HO)
)
(/usr/share/texlive/texmf-dist/tex/generic/pdfescape/pdfescape.sty
Package: pdfescape 2019/12/09 v1.15 Implements pdfTeX's escape features (HO)
)
(/usr/share/texlive/texmf-dist/tex/latex/hycolor/hycolor.sty
Package: hycolor 2020-01-27 v1.10 Color options for hyperref/bookmark (HO)
)
(/usr/share/texlive/texmf-dist/tex/latex/letltxmacro/letltxmacro.sty
Package: letltxmacro 2019/12/03 v1.6 Let assignment for LaTeX macros (HO)
)
(/usr/share/texlive/texmf-dist/tex/latex/auxhook/auxhook.sty
Package: auxhook 2019-12-17 v1.6 Hooks for auxiliary files (HO)
)
(/usr/share/texlive/texmf-dist/tex/latex/kvoptions/kvoptions.sty
Package: kvoptions 2019/11/29 v3.13 Key value format for package options (HO)
)
\@linkdim=\dimen138
\Hy@linkcounter=\count267
\Hy@pagecounter=\count268

(/usr/share/texlive/texmf-dist/tex/latex/hyperref/pd1enc.def
File: pd1enc.def 2020/01/14 v7.00d Hyperref: PDFDocEncoding definition (HO)
Now handling font encoding PD1 ...
... no UTF-8 mapping file for font encoding PD1
)
(/usr/share/texlive/texmf-dist/tex/generic/intcalc/intcalc.sty
Package: intcalc 2019/12/15 v1.3 Expandable calculations with integers (HO)
)
(/usr/share/texlive/texmf-dist/tex/generic/etexcmds/etexcmds.sty
Package: etexcmds 2019/12/15 v1.7 Avoid name clashes with e-TeX commands (HO)
)
\Hy@SavedSpaceFactor=\count269
\pdfmajorversion=\count270
Package hyperref Info: Hyper figures OFF on input line 4547.
Package hyperref Info: Link nesting OFF on input line 4552.
Package hyperref Info: Hyper index ON on input line 4555.
Package hyperref Info: Plain pages OFF on input line 4562.
Package hyperref Info: Backreferencing OFF on input line 4567.
Package hyperref Info: Implicit mode ON; LaTeX internals redefined.
Package hyperref Info: Bookmarks ON on input line 4800.
\c@Hy@tempcnt=\count271

(/usr/share/texlive/texmf-dist/tex/latex/url/url.sty
\Urlmuskip=\muskip16
Package: url 2013/09/16  ver 3.4  Verb mode for urls, etc.
)
LaTeX Info: Redefining \url on input line 5159.
\XeTeXLinkMargin=\dimen139

(/usr/share/texlive/texmf-dist/tex/generic/bitset/bitset.sty
Package: bitset 2019/12/09 v1.3 Handle bit-vector datatype (HO)

(/usr/share/texlive/texmf-dist/tex/generic/bigintcalc/bigintcalc.sty
Package: bigintcalc 2019/12/15 v1.5 Expandable calculations on big integers (HO
)
))
\Fld@menulength=\count272
\Field@Width=\dimen140
\Fld@charsize=\dimen141
Package hyperref Info: Hyper figures OFF on input line 6430.
Package hyperref Info: Link nesting OFF on input line 6435.
Package hyperref Info: Hyper index ON on input line 6438.
Package hyperref Info: backreferencing OFF on input line 6445.
Package hyperref Info: Link coloring OFF on input line 6450.
Package hyperref Info: Link coloring with OCG OFF on input line 6455.
Package hyperref Info: PDF/A mode OFF on input line 6460.
LaTeX Info: Redefining \ref on input line 6500.
LaTeX Info: Redefining \pageref on input line 6504.

(/usr/share/texlive/texmf-dist/tex/generic/atbegshi/atbegshi.sty
Package: atbegshi 2019/12/05 v1.19 At begin shipout hook (HO)
)
\Hy@abspage=\count273
\c@Item=\count274
\c@Hfootnote=\count275
)
Package hyperref Info: Driver (autodetected): hpdftex.

(/usr/share/texlive/texmf-dist/tex/latex/hyperref/hpdftex.def
File: hpdftex.def 2020/01/14 v7.00d Hyperref driver for pdfTeX

(/usr/share/texlive/texmf-dist/tex/latex/atveryend/atveryend.sty
Package: atveryend 2019-12-11 v1.11 Hooks at the very end of document (HO)
Package atveryend Info: \enddocument detected (standard20110627).
)
\Fld@listcount=\count276
\c@bookmark@seq@number=\count277

(/usr/share/texlive/texmf-dist/tex/latex/rerunfilecheck/rerunfilecheck.sty
Package: rerunfilecheck 2019/12/05 v1.9 Rerun checks for auxiliary files (HO)

(/usr/share/texlive/texmf-dist/tex/generic/uniquecounter/uniquecounter.sty
Package: uniquecounter 2019/12/15 v1.4 Provide unlimited unique counter (HO)
)
Package uniquecounter Info: New unique counter `rerunfilecheck' on input line 2
86.
)
\Hy@SectionHShift=\skip49
)
(/usr/share/texlive/texmf-dist/tex/latex/amsmath/amsmath.sty
Package: amsmath 2020/01/20 v2.17e AMS math features
\@mathmargin=\skip50

For additional information on amsmath, use the `?' option.
(/usr/share/texlive/texmf-dist/tex/latex/amsmath/amstext.sty
Package: amstext 2000/06/29 v2.01 AMS text

(/usr/share/texlive/texmf-dist/tex/latex/amsmath/amsgen.sty
File: amsgen.sty 1999/11/30 v2.0 generic functions
\@emptytoks=\toks19
\ex@=\dimen142
))
(/usr/share/texlive/texmf-dist/tex/latex/amsmath/amsbsy.sty
Package: amsbsy 1999/11/29 v1.2d Bold Symbols
\pmbraise@=\dimen143
)
(/usr/share/texlive/texmf-dist/tex/latex/amsmath/amsopn.sty
Package: amsopn 2016/03/08 v2.02 operator names
)
\inf@bad=\count278
LaTeX Info: Redefining \frac on input line 227.
\uproot@=\count279
\leftroot@=\count280
LaTeX Info: Redefining \overline on input line 389.
\classnum@=\count281
\DOTSCASE@=\count282
LaTeX Info: Redefining \ldots on input line 486.
LaTeX Info: Redefining \dots on input line 489.
LaTeX Info: Redefining \cdots on input line 610.
\Mathstrutbox@=\box48
\strutbox@=\box49
\big@size=\dimen144
LaTeX Font Info:    Redeclaring font encoding OML on input line 733.
LaTeX Font Info:    Redeclaring font encoding OMS on input line 734.
\macc@depth=\count283
\c@MaxMatrixCols=\count284
\dotsspace@=\muskip17
\c@parentequation=\count285
\dspbrk@lvl=\count286
\tag@help=\toks20
\row@=\count287
\column@=\count288
\maxfields@=\count289
\andhelp@=\toks21
\eqnshift@=\dimen145
\alignsep@=\dimen146
\tagshift@=\dimen147
\tagwidth@=\dimen148
\totwidth@=\dimen149
\lineht@=\dimen150
\@envbody=\toks22
\multlinegap=\skip51
\multlinetaggap=\skip52
\mathdisplay@stack=\toks23
LaTeX Info: Redefining \[ on input line 2859.
LaTeX Info: Redefining \] on input line 2860.
)
(/usr/share/texlive/texmf-dist/tex/latex/mathtools/mathtools.sty
Package: mathtools 2020/01/17 v1.23 mathematical typesetting tools

(/usr/share/texlive/texmf-dist/tex/latex/tools/calc.sty
Package: calc 2017/05/25 v4.3 Infix arithmetic (KKT,FJ)
\calc@Acount=\count290
\calc@Bcount=\count291
\calc@Adimen=\dimen151
\calc@Bdimen=\dimen152
\calc@Askip=\skip53
\calc@Bskip=\skip54
LaTeX Info: Redefining \setlength on input line 80.
LaTeX Info: Redefining \addtolength on input line 81.
\calc@Ccount=\count292
\calc@Cskip=\skip55
)
(/usr/share/texlive/texmf-dist/tex/latex/mathtools/mhsetup.sty
Package: mhsetup 2017/03/31 v1.3 programming setup (MH)
)
LaTeX Info: Thecontrolsequence`\('isalreadyrobust on input line 129.
LaTeX Info: Thecontrolsequence`\)'isalreadyrobust on input line 129.
LaTeX Info: Thecontrolsequence`\['isalreadyrobust on input line 129.
LaTeX Info: Thecontrolsequence`\]'isalreadyrobust on input line 129.
\g_MT_multlinerow_int=\count293
\l_MT_multwidth_dim=\dimen153
\origjot=\skip56
\l_MT_shortvdotswithinadjustabove_dim=\dimen154
\l_MT_shortvdotswithinadjustbelow_dim=\dimen155
\l_MT_above_intertext_sep=\dimen156
\l_MT_below_intertext_sep=\dimen157
\l_MT_above_shortintertext_sep=\dimen158
\l_MT_below_shortintertext_sep=\dimen159
)
(/usr/share/texlive/texmf-dist/tex/latex/was/gensymb.sty
Package: gensymb 2003/07/02 v1.0 (WaS)
)
(/usr/share/texlive/texmf-dist/tex/latex/appendix/appendix.sty
Package: appendix 2020/02/08 v1.2c extra appendix facilities
\c@@pps=\count294
\c@@ppsavesec=\count295
\c@@ppsaveapp=\count296
)
(/usr/share/texlive/texmf-dist/tex/latex/caption/caption.sty
Package: caption 2020/01/03 v3.4h Customizing captions (AR)

(/usr/share/texlive/texmf-dist/tex/latex/caption/caption3.sty
Package: caption3 2020/01/03 v1.8h caption3 kernel (AR)
Package caption3 Info: TeX engine: e-TeX on input line 61.
\captionmargin=\dimen160
\captionmargin@=\dimen161
\captionwidth=\dimen162
\caption@tempdima=\dimen163
\caption@indent=\dimen164
\caption@parindent=\dimen165
\caption@hangindent=\dimen166
Package caption Info: Standard document class detected.
)
\c@caption@flags=\count297
\c@continuedfloat=\count298
Package caption Info: float package is loaded.
Package caption Info: hyperref package is loaded.
)
(/usr/share/texlive/texmf-dist/tex/latex/titling/titling.sty
Package: titling 2009/09/04 v2.1d maketitle typesetting
\thanksmarkwidth=\skip57
\thanksmargin=\skip58
\droptitle=\skip59
)
(./Rapport_PHIMECA_Simady.aux)
\openout1 = `Rapport_PHIMECA_Simady.aux'.

LaTeX Font Info:    Checking defaults for OML/cmm/m/it on input line 22.
LaTeX Font Info:    ... okay on input line 22.
LaTeX Font Info:    Checking defaults for OMS/cmsy/m/n on input line 22.
LaTeX Font Info:    ... okay on input line 22.
LaTeX Font Info:    Checking defaults for OT1/cmr/m/n on input line 22.
LaTeX Font Info:    ... okay on input line 22.
LaTeX Font Info:    Checking defaults for T1/cmr/m/n on input line 22.
LaTeX Font Info:    ... okay on input line 22.
LaTeX Font Info:    Checking defaults for TS1/cmr/m/n on input line 22.
LaTeX Font Info:    ... okay on input line 22.
LaTeX Font Info:    Checking defaults for OMX/cmex/m/n on input line 22.
LaTeX Font Info:    ... okay on input line 22.
LaTeX Font Info:    Checking defaults for U/cmr/m/n on input line 22.
LaTeX Font Info:    ... okay on input line 22.
LaTeX Font Info:    Checking defaults for PD1/pdf/m/n on input line 22.
LaTeX Font Info:    ... okay on input line 22.

(/usr/share/texlive/texmf-dist/tex/context/base/mkii/supp-pdf.mkii
[Loading MPS to PDF converter (version 2006.09.02).]
\scratchcounter=\count299
\scratchdimen=\dimen167
\scratchbox=\box50
\nofMPsegments=\count300
\nofMParguments=\count301
\everyMPshowfont=\toks24
\MPscratchCnt=\count302
\MPscratchDim=\dimen168
\MPnumerator=\count303
\makeMPintoPDFobject=\count304
\everyMPtoPDFconversion=\toks25
) (/usr/share/texlive/texmf-dist/tex/latex/epstopdf-pkg/epstopdf-base.sty
Package: epstopdf-base 2020-01-24 v2.11 Base part for package epstopdf
Package epstopdf-base Info: Redefining graphics rule for `.eps' on input line 4
85.

(/usr/share/texlive/texmf-dist/tex/latex/latexconfig/epstopdf-sys.cfg
File: epstopdf-sys.cfg 2010/07/13 v1.3 Configuration of (r)epstopdf for TeX Liv
e
))
\AtBeginShipoutBox=\box51
Package hyperref Info: Link coloring OFF on input line 22.

(/usr/share/texlive/texmf-dist/tex/latex/hyperref/nameref.sty
Package: nameref 2019/09/16 v2.46 Cross-referencing by name of section

(/usr/share/texlive/texmf-dist/tex/latex/refcount/refcount.sty
Package: refcount 2019/12/15 v3.6 Data extraction from label references (HO)
)
(/usr/share/texlive/texmf-dist/tex/generic/gettitlestring/gettitlestring.sty
Package: gettitlestring 2019/12/15 v1.6 Cleanup title references (HO)
)
\c@section@level=\count305
)
LaTeX Info: Redefining \ref on input line 22.
LaTeX Info: Redefining \pageref on input line 22.
LaTeX Info: Redefining \nameref on input line 22.

(./Rapport_PHIMECA_Simady.out) (./Rapport_PHIMECA_Simady.out)
\@outlinefile=\write3
\openout3 = `Rapport_PHIMECA_Simady.out'.

LaTeX Info: Redefining \celsius on input line 22.
Package gensymb Info: Faking symbols for \degree and \celsius on input line 22.



Package gensymb Warning: Not defining \perthousand.

LaTeX Info: Redefining \ohm on input line 22.
Package gensymb Info: Using \Omega for \ohm on input line 22.

Package gensymb Warning: Not defining \micro.

Package caption Info: Begin \AtBeginDocument code.
Package caption Info: End \AtBeginDocument code.
<Logo_SIGMA_Clermont.png, id=124, 714.67pt x 405.515pt>
File: Logo_SIGMA_Clermont.png Graphic file (type png)
<use Logo_SIGMA_Clermont.png>
Package pdftex.def Info: Logo_SIGMA_Clermont.png  used on input line 36.
(pdftex.def)             Requested size: 178.66705pt x 101.3785pt.

Overfull \hbox (63.51077pt too wide) in paragraph at lines 35--38
[]  []
 []

<LogoPhiHaut.png, id=126, 590.205pt x 474.77374pt>
File: LogoPhiHaut.png Graphic file (type png)
<use LogoPhiHaut.png>
Package pdftex.def Info: LogoPhiHaut.png  used on input line 51.
(pdftex.def)             Requested size: 189.75105pt x 152.6334pt.
[1

{/var/lib/texmf/fonts/map/pdftex/updmap/pdftex.map} <./Logo_SIGMA_Clermont.png>
 <./LogoPhiHaut.png>] (./Rapport_PHIMECA_Simady.toc
Overfull \hbox (14.6344pt too wide) in paragraph at lines 22--22
 [][] [][]\T1/cmr/m/n/10 Application de la méth-ode de la dé-for-ma-tion modale
 métrique 
 []


Overfull \hbox (5.55331pt too wide) in paragraph at lines 30--30
 [][] [][]\T1/cmr/m/n/10 Analyse plus dé-tail-lée du lien en-tre paramètres des
 champs stochas- 
 []

)
\tf@toc=\write4
\openout4 = `Rapport_PHIMECA_Simady.toc'.

pdfTeX warning (ext4): destination with the same identifier (name{page.1}) has 
been already used, duplicate ignored
<to be read again> 
                   \relax 
l.69   \newpage
                [1] [2]
Overfull \hbox (15.65634pt too wide) in paragraph at lines 86--87
[]\T1/cmr/m/n/10 Mes re-mer-ciements vont en-suite à Mr. Thierry YALA-MAS, qui 
a su m'introduire
 []

[3] [4]
Overfull \hbox (8.21783pt too wide) in paragraph at lines 95--95
[]\T1/cmr/bx/n/14.4 Recherche bib-li-ographique, pre-mières ap-proches
 []

[5] [6]
Overfull \hbox (24.08922pt too wide) in paragraph at lines 131--131
\T1/cmr/m/n/10 clas-sique-ment en se bas-ant sur la bib-lio-thèque \T1/cmr/m/it
/10 open-TURNS \T1/cmr/m/n/10 développé par PHIMECA,
 []


Overfull \hbox (6.37918pt too wide) in paragraph at lines 133--135
\T1/cmr/m/it/10 ment of Un-cer-tain-ties and Risk & Statis-tics \T1/cmr/m/n/10 
)[[]]. 
 []


Underfull \hbox (badness 10000) in paragraph at lines 133--135

 []


Overfull \hbox (22.38617pt too wide) in paragraph at lines 141--141
[]\T1/cmr/m/n/10 Plus spé-ci-fique-ment, cette méthodolo-gie était à ap-pli-que
r à un mod-èle d'échangeur
 []

[7]
<stochastic_process2d.png, id=239, 1139.00531pt x 426.84468pt>
File: stochastic_process2d.png Graphic file (type png)
<use stochastic_process2d.png>
Package pdftex.def Info: stochastic_process2d.png  used on input line 154.
(pdftex.def)             Requested size: 284.75063pt x 106.7109pt.

Overfull \hbox (8.11374pt too wide) in paragraph at lines 166--168
\T1/cmr/m/n/10 Une autre fonc-tion de co-vari-ance, celle de \T1/cmr/m/it/10 Ma
térn\T1/cmr/m/n/10 , est aussi très util-isée, puisqu'elle
 []


Underfull \hbox (badness 10000) in paragraph at lines 171--172

 []

[8 <./stochastic_process2d.png (PNG copy)>]
Underfull \hbox (badness 10000) in paragraph at lines 205--206

 []


Overfull \hbox (3.55743pt too wide) in paragraph at lines 207--208
[]\T1/cmr/m/n/10 Cette dé-com-po-si-tion per-met de représen-ter l'ensemble de 
vari-abil-ité du champ
 []

[9]
<beam_structure.png, id=265, 1165.7151pt x 694.5147pt>
File: beam_structure.png Graphic file (type png)
<use beam_structure.png>
Package pdftex.def Info: beam_structure.png  used on input line 227.
(pdftex.def)             Requested size: 345.0pt x 205.54768pt.
 [10 <./beam_structure.png>]
<bending_beam_schema.png, id=279, 1002.74625pt x 595.22375pt>
File: bending_beam_schema.png Graphic file (type png)
<use bending_beam_schema.png>
Package pdftex.def Info: bending_beam_schema.png  used on input line 238.
(pdftex.def)             Requested size: 345.0pt x 204.7893pt.
 [11 <./bending_beam_schema.png>]
LaTeX Font Info:    Trying to load font information for T1+cmtt on input line 2
62.

(/usr/share/texlive/texmf-dist/tex/latex/base/t1cmtt.fd
File: t1cmtt.fd 2019/12/16 v2.5j Standard LaTeX font definitions
)
<schema_postprocessing.png, id=291, 2048.65375pt x 1652.1725pt>
File: schema_postprocessing.png Graphic file (type png)
<use schema_postprocessing.png>
Package pdftex.def Info: schema_postprocessing.png  used on input line 266.
(pdftex.def)             Requested size: 345.0pt x 278.21855pt.
 [12]
Underfull \hbox (badness 10000) in paragraph at lines 278--279

 []

<sensitivity_rv_KL_anno.png, id=300, 319.1925pt x 643.40375pt>
File: sensitivity_rv_KL_anno.png Graphic file (type png)
<use sensitivity_rv_KL_anno.png>
Package pdftex.def Info: sensitivity_rv_KL_anno.png  used on input line 285.
(pdftex.def)             Requested size: 77.01688pt x 155.24895pt.
<sensitivity_field_KL.png, id=301, 1371.1225pt x 322.20375pt>
File: sensitivity_field_KL.png Graphic file (type png)
<use sensitivity_field_KL.png>
Package pdftex.def Info: sensitivity_field_KL.png  used on input line 290.
(pdftex.def)             Requested size: 209.58702pt x 49.24785pt.

Overfull \hbox (54.33807pt too wide) in paragraph at lines 290--291
 [][] 
 []

[13 <./schema_postprocessing.png>]
Underfull \hbox (badness 10000) in paragraph at lines 295--296

 []

[14 <./sensitivity_rv_KL_anno.png> <./sensitivity_field_KL.png>]
Overfull \hbox (8.38959pt too wide) in paragraph at lines 310--311
[]\T1/cmr/m/n/10 L'approche se base sur la dé-com-po-si-tion de Karhunen-Loève 
du champ stochas-
 []


Underfull \hbox (badness 10000) in paragraph at lines 339--340

 []


Underfull \hbox (badness 10000) in paragraph at lines 341--342

 []

[15]
Overfull \hbox (6.48076pt too wide) in paragraph at lines 343--344
[]\T1/cmr/m/n/10 Soient $\OML/cmm/m/it/10 ^^V[] \OT1/cmr/m/n/10 = (\OML/cmm/m/i
t/10 ^^V[]; [] ; ^^V[]\OT1/cmr/m/n/10 )$ \T1/cmr/m/n/10 et $\OML/cmm/m/it/10 ^^
[[] \OT1/cmr/m/n/10 = (\OML/cmm/m/it/10 ^^[[]; [] ; ^^[[]\OT1/cmr/m/n/10 )$ \T1
/cmr/m/n/10 les vecteurs des moyennes
 []


Overfull \hbox (16.1296pt too wide) in paragraph at lines 343--344
\T1/cmr/m/n/10 et écarts types des vari-ables aléa-toires et $\OML/cmm/m/it/10 
^^V[] \OT1/cmr/m/n/10 = (\OML/cmm/m/it/10 ^^V[]; [] ; ^^V[]\OT1/cmr/m/n/10 )$ \
T1/cmr/m/n/10 et $\OML/cmm/m/it/10 ^^[[] \OT1/cmr/m/n/10 = (\OML/cmm/m/it/10 ^^
[[]; [] ; ^^[[]\OT1/cmr/m/n/10 )$
 []


Underfull \hbox (badness 10000) in paragraph at lines 343--344

 []


Underfull \hbox (badness 10000) in paragraph at lines 356--357

 []


Underfull \hbox (badness 10000) in paragraph at lines 370--374

 []


Underfull \hbox (badness 10000) in paragraph at lines 370--374

 []


Underfull \hbox (badness 10000) in paragraph at lines 376--380

 []


Underfull \hbox (badness 10000) in paragraph at lines 376--380

 []

[16]
Underfull \hbox (badness 10000) in paragraph at lines 393--394

 []


Underfull \hbox (badness 10000) in paragraph at lines 401--402

 []


Underfull \hbox (badness 10000) in paragraph at lines 421--422

 []


Overfull \hbox (21.16425pt too wide) in paragraph at lines 423--424
[]\T1/cmr/m/n/10 Néanmoins, il n'est pas pos-si-ble d'inclure in-clure celles-c
i dans le plan d'expérience
 []


Underfull \hbox (badness 10000) in paragraph at lines 423--424

 []

[17]
<Schema_Preparation_VA.pdf, id=349, 558.42128pt x 485.58412pt>
File: Schema_Preparation_VA.pdf Graphic file (type pdf)
<use Schema_Preparation_VA.pdf>
Package pdftex.def Info: Schema_Preparation_VA.pdf  used on input line 428.
(pdftex.def)             Requested size: 418.81493pt x 364.1872pt.

Overfull \hbox (73.81493pt too wide) in paragraph at lines 428--429
 [][] 
 []


Underfull \hbox (badness 10000) in paragraph at lines 425--431

 []

[18]
Underfull \hbox (badness 10000) in paragraph at lines 432--434

 []

[19 <./Schema_Preparation_VA.pdf>]
Underfull \hbox (badness 10000) in paragraph at lines 453--454

 []


Underfull \hbox (badness 10000) in paragraph at lines 470--471

 []


Underfull \hbox (badness 10000) in paragraph at lines 475--476

 []


Underfull \hbox (badness 10000) in paragraph at lines 480--481

 []

[20]
Underfull \hbox (badness 10000) in paragraph at lines 485--486

 []


LaTeX Warning: Command \textbullet invalid in math mode on input line 498.


LaTeX Warning: Command \textbullet invalid in math mode on input line 498.

Missing character: There is no ˆ in font cmr5!

Underfull \hbox (badness 10000) in paragraph at lines 499--501

 []

<sensibiliteDeflection10K.png, id=390, 753.81625pt x 584.1825pt>
File: sensibiliteDeflection10K.png Graphic file (type png)
<use sensibiliteDeflection10K.png>
Package pdftex.def Info: sensibiliteDeflection10K.png  used on input line 517.
(pdftex.def)             Requested size: 146.99933pt x 113.91957pt.
<sensibiliteVonMises10K.png, id=391, 1116.17pt x 553.06625pt>
File: sensibiliteVonMises10K.png Graphic file (type png)
<use sensibiliteVonMises10K.png>
Package pdftex.def Info: sensibiliteVonMises10K.png  used on input line 524.
(pdftex.def)             Requested size: 284.6281pt x 141.03424pt.
[21 <./sensibiliteDeflection10K.png>]
Underfull \hbox (badness 10000) in paragraph at lines 529--532

 []


Overfull \hbox (8.36917pt too wide) in paragraph at lines 529--532
\T1/cmr/m/n/10 Finalement une com-para-i-son en-tre un ex-em-ple de la doc-u-me
n-ta-tion d'\T1/cmr/m/it/10 openTURNS
 []

<comparisonOtMe.png, id=403, 1356.06625pt x 517.935pt>
File: comparisonOtMe.png Graphic file (type png)
<use comparisonOtMe.png>
Package pdftex.def Info: comparisonOtMe.png  used on input line 535.
(pdftex.def)             Requested size: 345.80266pt x 132.07562pt.

Overfull \hbox (0.80266pt too wide) in paragraph at lines 535--536
 [][] 
 []

[22 <./sensibiliteVonMises10K.png> <./comparisonOtMe.png>]
Underfull \hbox (badness 10000) in paragraph at lines 549--550

 []

<principeEchangeur.png, id=414, 216.81pt x 195.73125pt>
File: principeEchangeur.png Graphic file (type png)
<use principeEchangeur.png>
Package pdftex.def Info: principeEchangeur.png  used on input line 553.
(pdftex.def)             Requested size: 108.40472pt x 97.86537pt.
<exchangerModel.png, id=415, 737.75626pt x 518.93875pt>
File: exchangerModel.png Graphic file (type png)
<use exchangerModel.png>
Package pdftex.def Info: exchangerModel.png  used on input line 566.
(pdftex.def)             Requested size: 221.32858pt x 155.68282pt.
[23 <./principeEchangeur.png>]
Underfull \hbox (badness 10000) in paragraph at lines 571--572

 []


Underfull \hbox (badness 10000) in paragraph at lines 573--574

 []


Overfull \hbox (2.97424pt too wide) in paragraph at lines 575--576
[]\T1/cmr/m/n/10 Numériquement, la rup-ture se traduit par une con-trainte max-
i-male supérieure
 []

<SchemaAilettes.png, id=422, 698.61pt x 332.24126pt>
File: SchemaAilettes.png Graphic file (type png)
<use SchemaAilettes.png>
Package pdftex.def Info: SchemaAilettes.png  used on input line 579.
(pdftex.def)             Requested size: 314.3716pt x 149.50717pt.
[24 <./exchangerModel.png> <./SchemaAilettes.png>]
<maternNu.png, id=432, 795.97375pt x 729.72626pt>
File: maternNu.png Graphic file (type png)
<use maternNu.png>
Package pdftex.def Info: maternNu.png  used on input line 591.
(pdftex.def)             Requested size: 238.79396pt x 218.91957pt.

Underfull \hbox (badness 10000) in paragraph at lines 596--599

 []

[25 <./maternNu.png>]
<VecteurModalCylindre.png, id=442, 999.735pt x 866.23625pt>
File: VecteurModalCylindre.png Graphic file (type png)
<use VecteurModalCylindre.png>
Package pdftex.def Info: VecteurModalCylindre.png  used on input line 616.
(pdftex.def)             Requested size: 299.9228pt x 259.87288pt.
 [26]
Underfull \hbox (badness 10000) in paragraph at lines 663--664

 []


LaTeX Warning: Command \` invalid in math mode on input line 666.

Missing character: There is no è in font cmr7!

LaTeX Warning: Command \` invalid in math mode on input line 666.

Missing character: There is no è in font cmr7!

Underfull \hbox (badness 10000) in paragraph at lines 666--667

 []

[27 <./VecteurModalCylindre.png>]
Overfull \hbox (2.64099pt too wide) in paragraph at lines 669--671
[]\T1/cmr/m/n/10 Les vecteurs modaux sont en-suite nor-més, pour que les co-ef-
fi-cient d'amplitude
 []


Underfull \hbox (badness 10000) in paragraph at lines 674--675

 []


Underfull \hbox (badness 10000) in paragraph at lines 685--687

 []


Underfull \hbox (badness 10000) in paragraph at lines 688--691

 []

[28]
<SchemaModesDeformation.png, id=464, 727.71875pt x 801.99625pt>
File: SchemaModesDeformation.png Graphic file (type png)
<use SchemaModesDeformation.png>
Package pdftex.def Info: SchemaModesDeformation.png  used on input line 698.
(pdftex.def)             Requested size: 327.47041pt x 360.89497pt.

Overfull \hbox (1.80786pt too wide) in paragraph at lines 703--704
[]\T1/cmr/m/n/10 Cette méth-ode était haute-ment fonc-tion-nelle, car les dé-fo
r-ma-tions sont toutes
 []

[29 <./SchemaModesDeformation.png>]
Underfull \hbox (badness 10000) in paragraph at lines 707--708

 []


Overfull \hbox (1.08105pt too wide) in paragraph at lines 709--710
\T1/cmr/m/n/10 Sim-cen-ter NX pos-sède un lan-gage de "script-ing" ap-pelé NX, 
qui per-met d'utiliser
 []


Underfull \hbox (badness 10000) in paragraph at lines 709--710

 []


Underfull \hbox (badness 10000) in paragraph at lines 711--712

 []

<SimcenterInterface.PNG, id=470, 1264.725pt x 790.45313pt>
File: SimcenterInterface.PNG Graphic file (type png)
<use SimcenterInterface.PNG>
Package pdftex.def Info: SimcenterInterface.PNG  used on input line 715.
(pdftex.def)             Requested size: 227.64067pt x 142.27542pt.

Underfull \hbox (badness 10000) in paragraph at lines 720--721

 []


Underfull \hbox (badness 10000) in paragraph at lines 722--723

 []

[30 <./SimcenterInterface.PNG>]
Underfull \hbox (badness 10000) in paragraph at lines 724--725

 []

<./exchangerPics/exchangerDeformations.png, id=480, 508.90125pt x 780.9175pt>
File: ./exchangerPics/exchangerDeformations.png Graphic file (type png)
<use ./exchangerPics/exchangerDeformations.png>
Package pdftex.def Info: ./exchangerPics/exchangerDeformations.png  used on inp
ut line 728.
(pdftex.def)             Requested size: 254.45pt x 390.4578pt.

Underfull \hbox (badness 10000) in paragraph at lines 735--737

 []

[31 <./exchangerPics/exchangerDeformations.png>] [32]
Overfull \hbox (1.04715pt too wide) in paragraph at lines 746--746
[]\T1/cmr/bx/n/14.4 Intégration des méth-odes dans l'environnement
 []


Overfull \hbox (9.69594pt too wide) in paragraph at lines 746--746
\T1/cmr/bx/n/14.4 Loève, et anal-yse de sen-si-bil-ité par méta-modèle.
 []


Overfull \hbox (6.06418pt too wide) in paragraph at lines 747--748
\T1/cmr/m/n/10 nous fo-caliser sur l'intégration des méth-odes dans l'environne
ment d'\T1/cmr/m/it/10 openTURNS\T1/cmr/m/n/10 ,
 []


Overfull \hbox (5.1635pt too wide) in paragraph at lines 763--764
\T1/cmr/bx/n/10 Prob-a-bilis-tic-Trans-for-ma-tion \T1/cmr/m/n/10 et \T1/cmr/bx
/n/10 .In-ver-seIso-Prob-a-bilis-tic-Trans-
 []

[33]
Overfull \hbox (0.98257pt too wide) in paragraph at lines 774--774
[]\T1/cmr/m/n/10 Ceci fait que dans la philoso-phie de cette méth-ode, on tra-v
aille surtout
 []

[34]
Overfull \hbox (13.82379pt too wide) in paragraph at lines 789--789
[]\T1/cmr/m/n/10 Néanmoins, les classes pour le cal-cul des in-dices de Sobol' 
d'\T1/cmr/m/it/10 openTURNS\T1/cmr/m/n/10 ,
 []


Overfull \hbox (12.42422pt too wide) in paragraph at lines 789--789
\T1/cmr/m/n/10 re-quièrent en en-trée la ma-trice de mélange, pre-mière-ment po
ur récupérer
 []


Overfull \hbox (15.06247pt too wide) in paragraph at lines 791--791
\T1/cmr/m/n/10 Loève, la di-men-sion de la ma-trice de mélange est générale-men
t supérieure
 []


Overfull \hbox (14.71672pt too wide) in paragraph at lines 793--794
\T1/cmr/bx/n/10 eveSobolIndice-sEx-per-i-ment \T1/cmr/m/n/10 qui prend en en-tr
é la ma-trice de mélange
 []


Overfull \hbox (8.40845pt too wide) in paragraph at lines 793--794
\T1/cmr/m/n/10 et la réponse du mod-èle, tout comme un des es-ti-ma-teurs d'\T1
/cmr/m/it/10 openTURNS\T1/cmr/m/n/10 .
 []

<DiagrammeExtensionOT.png, id=502, 1025.8325pt x 577.15625pt>
File: DiagrammeExtensionOT.png Graphic file (type png)
<use DiagrammeExtensionOT.png>
Package pdftex.def Info: DiagrammeExtensionOT.png  used on input line 802.
(pdftex.def)             Requested size: 564.20963pt x 317.4369pt.

Overfull \hbox (113.0263pt too wide) in paragraph at lines 801--803
 []|  [] 
 []

[35] [36 <./DiagrammeExtensionOT.png>]
Overfull \hbox (4.8349pt too wide) in paragraph at lines 822--823
[]\T1/cmr/m/n/10 En plus de l'analyse des ef-fets qu'à l'utilisation d'un méta-
modèle par Krigeage
 []


Underfull \hbox (badness 10000) in paragraph at lines 826--827

 []

[37]
Underfull \hbox (badness 10000) in paragraph at lines 852--854

 []

<stdDevIntra.png, id=520, 1196.47pt x 755.82375pt>
File: stdDevIntra.png Graphic file (type png)
<use stdDevIntra.png>
Package pdftex.def Info: stdDevIntra.png  used on input line 859.
(pdftex.def)             Requested size: 345.0pt x 217.93771pt.
[38 <./stdDevIntra.png>]
<peakScale.png, id=527, 1165.35374pt x 762.85pt>
File: peakScale.png Graphic file (type png)
<use peakScale.png>
Package pdftex.def Info: peakScale.png  used on input line 871.
(pdftex.def)             Requested size: 345.0pt x 225.83032pt.

Overfull \hbox (5.52551pt too wide) in paragraph at lines 888--888
\T1/cmr/m/n/10 La dé-com-po-si-tion de Karhunen-Loève d'un pro-ces-sus stochas-
tique est sa représen-
 []

[39 <./PeakScale.png>]
Underfull \hbox (badness 10000) in paragraph at lines 904--905

 []


Overfull \hbox (20.86205pt too wide) in paragraph at lines 908--908
\T1/cmr/bx/n/10 ot.KarhunenLoeveQuadratureAlgorithm \T1/cmr/m/n/10 qui utilise 
une ap-prox-i-ma-tion quadra-
 []


Overfull \hbox (10.04294pt too wide) in paragraph at lines 908--908
\T1/cmr/m/n/10 tique de l'intégrale du prob-lème de Fred-holm. Pour la dé-com-p
o-si-tion d'échantillons
 []


Overfull \hbox (9.75037pt too wide) in paragraph at lines 914--915
[]\T1/cmr/m/n/10 D'abord l'évolution du rap-port en-tre l'écart type in-tra réa
l-i-sa-tion et l'amplitude
 []

<stdDevIntraKL.png, id=534, 977.6525pt x 688.5725pt>
File: stdDevIntraKL.png Graphic file (type png)
<use stdDevIntraKL.png>
Package pdftex.def Info: stdDevIntraKL.png  used on input line 918.
(pdftex.def)             Requested size: 345.0pt x 242.98975pt.
[40]
Overfull \hbox (2.1282pt too wide) in paragraph at lines 923--926
\T1/cmr/m/n/10 avec un seuil dif-férent. On ob-serve que plus le seuil est pe-t
it, plus l'approximation
 []


Overfull \hbox (1.33209pt too wide) in paragraph at lines 923--926
\T1/cmr/m/n/10 ceux avec la plus grande vari-abil-ité au sein d'une même réal-i
-sa-tion, et la représen-
 []

[41 <./stdDevIntraKL.png>]
<MeanPeakValKL.png, id=547, 916.42375pt x 648.4225pt>
File: MeanPeakValKL.png Graphic file (type png)
<use MeanPeakValKL.png>
Package pdftex.def Info: MeanPeakValKL.png  used on input line 933.
(pdftex.def)             Requested size: 345.0pt x 244.10767pt.
 [42 <./MeanPeakValKL.png>]
Overfull \hbox (22.7472pt too wide) in paragraph at lines 949--949
[]\T1/cmr/m/n/10 Pour cor-recte-ment ef-fectuer cette anal-yse nous avons du fi
xer quelques paramètres.
 []

[43]
<scatter_matrix.png, id=561, 1127.21124pt x 796.9775pt>
File: scatter_matrix.png Graphic file (type png)
<use scatter_matrix.png>
Package pdftex.def Info: scatter_matrix.png  used on input line 974.
(pdftex.def)             Requested size: 518.52347pt x 366.61409pt.

Overfull \hbox (103.47516pt too wide) in paragraph at lines 973--975
 []|  [] 
 []

[44 <./scatter_matrix.png>]
<histogram_sobol.png, id=570, 940.51375pt x 792.9625pt>
File: histogram_sobol.png Graphic file (type png)
<use histogram_sobol.png>
Package pdftex.def Info: histogram_sobol.png  used on input line 983.
(pdftex.def)             Requested size: 345.0pt x 290.8748pt.

Overfull \hbox (4.09995pt too wide) in paragraph at lines 996--996
\T1/cmr/m/n/10 ap-prox-imées par des pro-ces-sus gaussiens. C'est une méth-ode 
d'estimation linéaire
 []

[45 <./histogram_sobol.png>]
<sobol_interface.png, id=578, 1279.78125pt x 989.6975pt>
File: sobol_interface.png Graphic file (type png)
<use sobol_interface.png>
Package pdftex.def Info: sobol_interface.png  used on input line 1002.
(pdftex.def)             Requested size: 345.0pt x 266.79906pt.
<histogram_sobol_LHS25.png, id=580, 714.67pt x 608.2725pt>
File: histogram_sobol_LHS25.png Graphic file (type png)
<use histogram_sobol_LHS25.png>
Package pdftex.def Info: histogram_sobol_LHS25.png  used on input line 1011.
(pdftex.def)             Requested size: 345.0pt x 293.63815pt.
 [46 <./sobol_interface.png>]
<R2_evolution.png, id=589, 665.48625pt x 608.2725pt>
File: R2_evolution.png Graphic file (type png)
<use R2_evolution.png>
Package pdftex.def Info: R2_evolution.png  used on input line 1026.
(pdftex.def)             Requested size: 345.0pt x 315.33826pt.
 [47 <./histogram_sobol_LHS25.png>]
Overfull \hbox (2.27997pt too wide) in paragraph at lines 1031--1032
[]\T1/cmr/m/n/10 On voit qu'à par-tir d'une di-men-sion de taille 50, l'approxi
mation par Krigeage
 []

[48 <./R2_evolution.png>] [49] (./Rapport_PHIMECA_Simady.bbl
Underfull \hbox (badness 1776) in paragraph at lines 44--48
[]\T1/cmr/m/n/10 Sudret, B. and Ki-ureghian, A. D. (2000).
 []

)
<SchemaDeformationNastran.jpg, id=608, 7300.27374pt x 4490.7775pt>
File: SchemaDeformationNastran.jpg Graphic file (type jpg)
<use SchemaDeformationNastran.jpg>
Package pdftex.def Info: SchemaDeformationNastran.jpg  used on input line 1051.

(pdftex.def)             Requested size: 7300.25604pt x 4490.7666pt.

Overfull \hbox (34.48402pt too wide) in paragraph at lines 1051--1052
 [][] 
 []

[50]
Overfull \vbox (38.24745pt too high) has occurred while \output is active []


[51 <./SchemaDeformationNastran.jpg>]
Package atveryend Info: Empty hook `BeforeClearDocument' on input line 1056.
Package atveryend Info: Empty hook `AfterLastShipout' on input line 1056.
 (./Rapport_PHIMECA_Simady.aux)
Package atveryend Info: Executing hook `AtVeryEndDocument' on input line 1056.
Package atveryend Info: Executing hook `AtEndAfterFileList' on input line 1056.

Package rerunfilecheck Info: File `Rapport_PHIMECA_Simady.out' has not changed.

(rerunfilecheck)             Checksum: F5425198164317A37AD3ADD7DC09854D;3655.
Package atveryend Info: Empty hook `AtVeryVeryEnd' on input line 1056.
 ) 
Here is how much of TeX's memory you used:
 9705 strings out of 483140
 158444 string characters out of 5965150
 530735 words of memory out of 5000000
 24321 multiletter control sequences out of 15000+600000
 553145 words of font info for 62 fonts, out of 8000000 for 9000
 36 hyphenation exceptions out of 8191
 43i,16n,42p,1292b,465s stack positions out of 5000i,500n,10000p,200000b,80000s
 </home/motherloadubu/.texlive2019/texmf-var/fonts/pk/ljfour/jknappen/ec/ecbx
2074.600pk> </home/motherloadubu/.texlive2019/texmf-var/fonts/pk/ljfour/jknappe
n/ec/ectt1000.600pk> </home/motherloadubu/.texlive2019/texmf-var/fonts/pk/ljfou
r/jknappen/ec/ecbi1000.600pk> </home/motherloadubu/.texlive2019/texmf-var/fonts
/pk/ljfour/jknappen/ec/ecbx0800.600pk> </home/motherloadubu/.texlive2019/texmf-
var/fonts/pk/ljfour/jknappen/ec/ecrm0800.600pk> </home/motherloadubu/.texlive20
19/texmf-var/fonts/pk/ljfour/jknappen/ec/ecrm0600.600pk> </home/motherloadubu/.
texlive2019/texmf-var/fonts/pk/ljfour/jknappen/ec/ecrm0700.600pk> </home/mother
loadubu/.texlive2019/texmf-var/fonts/pk/ljfour/jknappen/ec/ecti1000.600pk> </ho
me/motherloadubu/.texlive2019/texmf-var/fonts/pk/ljfour/jknappen/ec/tcrm1000.60
0pk> </home/motherloadubu/.texlive2019/texmf-var/fonts/pk/ljfour/jknappen/ec/ec
rm1000.600pk> </home/motherloadubu/.texlive2019/texmf-var/fonts/pk/ljfour/jknap
pen/ec/ecbx1000.600pk> </home/motherloadubu/.texlive2019/texmf-var/fonts/pk/ljf
our/jknappen/ec/ecbx1200.600pk> </home/motherloadubu/.texlive2019/texmf-var/fon
ts/pk/ljfour/jknappen/ec/ecrm1200.600pk> </home/motherloadubu/.texlive2019/texm
f-var/fonts/pk/ljfour/jknappen/ec/ecbx1728.600pk> </home/motherloadubu/.texlive
2019/texmf-var/fonts/pk/ljfour/jknappen/ec/ecbx1440.600pk> </home/motherloadubu
/.texlive2019/texmf-var/fonts/pk/ljfour/jknappen/ec/ecbx2488.600pk></usr/share/
texlive/texmf-dist/fonts/type1/public/amsfonts/cm/cmbx10.pfb></usr/share/texliv
e/texmf-dist/fonts/type1/public/amsfonts/cm/cmex10.pfb></usr/share/texlive/texm
f-dist/fonts/type1/public/amsfonts/cm/cmmi10.pfb></usr/share/texlive/texmf-dist
/fonts/type1/public/amsfonts/cm/cmmi5.pfb></usr/share/texlive/texmf-dist/fonts/
type1/public/amsfonts/cm/cmmi7.pfb></usr/share/texlive/texmf-dist/fonts/type1/p
ublic/amsfonts/cm/cmr10.pfb></usr/share/texlive/texmf-dist/fonts/type1/public/a
msfonts/cm/cmr5.pfb></usr/share/texlive/texmf-dist/fonts/type1/public/amsfonts/
cm/cmr7.pfb></usr/share/texlive/texmf-dist/fonts/type1/public/amsfonts/cm/cmsy1
0.pfb></usr/share/texlive/texmf-dist/fonts/type1/public/amsfonts/cm/cmsy5.pfb><
/usr/share/texlive/texmf-dist/fonts/type1/public/amsfonts/cm/cmsy7.pfb>
Output written on Rapport_PHIMECA_Simady.pdf (52 pages, 7292903 bytes).
PDF statistics:
 1248 PDF objects out of 1440 (max. 8388607)
 609 compressed objects within 7 object streams
 170 named destinations out of 1000 (max. 500000)
 396 words of extra memory for PDF output out of 10000 (max. 10000000)

